---------------------------------------------------
                 Result                 
Passos: ............................ 100
Placar: ........................... -100
Resultado: ...................... perdeu


                 mundo                  
Jogador: ................... vivo em 1x1
Wumpus: .................... vivo em 1x3
Ouro: ........................nao em 2x3
Buraco:  [[3,1],[3,3],[4,4],[3,3],[3,2],[4,4]]
---------------------------------------------------
                 Result                 
Passos: .............................. 7
Placar: ............................ 993
Resultado: ...................... ganhou


                 mundo                  
Jogador: ................... vivo em 1x1
Wumpus: .................... vivo em 1x3
Ouro: ........................sim em 2x3
Buraco:  [[3,1],[3,3],[4,4],[2,4],[4,3],[4,4]]
---------------------------------------------------
                 Result                 
Passos: ............................ 100
Placar: ........................... -100
Resultado: ...................... perdeu


                 mundo                  
Jogador: ................... vivo em 2x2
Wumpus: .................... vivo em 1x3
Ouro: ........................nao em 2x3
Buraco:  [[3,1],[3,3],[4,4],[2,3],[3,3],[3,3]]
---------------------------------------------------
                 Result                 
Passos: ............................ 100
Placar: ........................... -100
Resultado: ...................... perdeu


                 mundo                  
Jogador: ................... vivo em 2x2
Wumpus: .................... vivo em 1x3
Ouro: ........................nao em 2x3
Buraco:  [[3,1],[3,3],[4,4],[3,3],[4,4],[4,3]]
---------------------------------------------------
                 Result                 
Passos: ............................ 100
Placar: ........................... -100
Resultado: ...................... perdeu


                 mundo                  
Jogador: ................... vivo em 2x2
Wumpus: .................... vivo em 1x3
Ouro: ........................nao em 2x3
Buraco:  [[3,1],[3,3],[4,4],[4,2],[4,4],[3,2]]
---------------------------------------------------
                 Result                 
Passos: .............................. 6
Placar: .......................... -1006
Resultado: ...................... perdeu


                 mundo                  
Jogador: .................. morto em 3x1
Wumpus: .................... vivo em 1x3
Ouro: ........................nao em 2x3
Buraco:  [[3,1],[3,3],[4,4],[2,4],[4,3],[3,4]]
---------------------------------------------------
                Result                 
Passos: .............................. 4
Placar: .......................... -1004
Resultado: ...................... perdeu


                 mundo                  
Jogador: .................. morto em 2x2
Wumpus: .................... vivo em 1x3
Ouro: ........................nao em 2x3
Buraco:  [[3,1],[3,3],[4,4],[2,2],[3,2],[4,2]]
---------------------------------------------------
                 Result                 
Passos: ............................ 100
Placar: ........................... -100
Resultado: ...................... perdeu


                 mundo                  
Jogador: ................... vivo em 2x2
Wumpus: .................... vivo em 1x3
Ouro: ........................nao em 2x3
Buraco:  [[3,1],[3,3],[4,4],[3,2],[3,3],[4,4]]
---------------------------------------------------
                 Result                 
Passos: ............................ 100
Placar: ........................... -100
Resultado: ...................... perdeu


                 mundo                  
Jogador: ................... vivo em 2x2
Wumpus: .................... vivo em 1x3
Ouro: ........................nao em 2x3
Buraco:  [[3,1],[3,3],[4,4],[3,3],[3,4],[3,2]]
---------------------------------------------------
                 Result                 
Passos: .............................. 6
Placar: .......................... -1006
Resultado: ...................... perdeu


                 mundo                  
Jogador: .................. morto em 3x1
Wumpus: .................... vivo em 1x3
Ouro: ........................nao em 2x3
Buraco:  [[3,1],[3,3],[4,4],[4,3],[2,4],[3,4]]

















