---------------------------------------------------
                 Result                 
Passos: .............................. 8
Placar: .......................... -1008
Resultado: ...................... perdeu


                 mundo                  
Jogador: .................. morto em 2x2
Wumpus: .................... vivo em 1x3
Ouro: ........................nao em 2x3
Buraco:  [[3,1],[3,3],[4,4],[2,2],[4,4],[4,3]]
---------------------------------------------------
                 Result                 
Passos: .............................. 8
Placar: .......................... -1008
Resultado: ...................... perdeu


                 mundo                  
Jogador: .................. morto em 2x2
Wumpus: .................... vivo em 1x3
Ouro: ........................nao em 2x3
Buraco:  [[3,1],[3,3],[4,4],[2,2],[4,4],[3,4]]
---------------------------------------------------
                 Result                 
Passos: ............................ 100
Placar: ........................... -100
Resultado: ...................... perdeu


                 mundo                  
Jogador: ................... vivo em 1x2
Wumpus: .................... vivo em 1x3
Ouro: ........................nao em 2x3
Buraco:  [[3,1],[3,3],[4,4],[3,2],[2,4],[3,2]]
---------------------------------------------------
                 Result                 
Passos: .............................. 8
Placar: .......................... -1008
Resultado: ...................... perdeu


                 mundo                  
Jogador: .................. morto em 2x2
Wumpus: .................... vivo em 1x3
Ouro: ........................nao em 2x3
Buraco:  [[3,1],[3,3],[4,4],[3,3],[4,2],[2,2]]
---------------------------------------------------
                 Result                 
Passos: ............................ 100
Placar: ........................... -100
Resultado: ...................... perdeu


                 mundo                  
Jogador: ................... vivo em 1x2
Wumpus: .................... vivo em 1x3
Ouro: ........................nao em 2x3
Buraco:  [[3,1],[3,3],[4,4],[4,2],[4,2],[2,3]]
---------------------------------------------------
                 Result                 
Passos: ............................ 100
Placar: ........................... -100
Resultado: ...................... perdeu


                 mundo                  
Jogador: ................... vivo em 1x2
Wumpus: .................... vivo em 1x3
Ouro: ........................nao em 2x3
Buraco:  [[3,1],[3,3],[4,4],[3,4],[2,3],[4,2]]
---------------------------------------------------
                 Result                 
Passos: ............................ 100
Placar: ........................... -100
Resultado: ...................... perdeu


                 mundo                  
Jogador: ................... vivo em 1x2
Wumpus: .................... vivo em 1x3
Ouro: ........................nao em 2x3
Buraco:  [[3,1],[3,3],[4,4],[3,3],[2,3],[3,4]]
---------------------------------------------------
                 Result                 
Passos: ............................ 100
Placar: ............................ 900
Resultado: ...................... perdeu


                 mundo                  
Jogador: ................... vivo em 2x2
Wumpus: .................... vivo em 1x3
Ouro: ........................sim em 2x3
Buraco:  [[3,1],[3,3],[4,4],[3,3],[3,3],[4,4]]
---------------------------------------------------
                 Result                 
Passos: .............................. 8
Placar: .......................... -1008
Resultado: ...................... perdeu


                 mundo                  
Jogador: .................. morto em 2x2
Wumpus: .................... vivo em 1x3
Ouro: ........................nao em 2x3
Buraco:  [[3,1],[3,3],[4,4],[2,3],[2,2],[2,3]]
---------------------------------------------------
                 Result                 
Passos: ............................ 100
Placar: ........................... -100
Resultado: ...................... perdeu


                 mundo                  
Jogador: ................... vivo em 1x2
Wumpus: .................... vivo em 1x3
Ouro: ........................nao em 2x3
Buraco:  [[3,1],[3,3],[4,4],[4,3],[2,2],[3,3]]